  [1m[35m (0.4ms)[0m  [1m[35mCREATE TABLE "schema_migrations" ("version" varchar NOT NULL PRIMARY KEY)[0m
  [1m[35m (0.4ms)[0m  [1m[35mCREATE TABLE "ar_internal_metadata" ("key" varchar NOT NULL PRIMARY KEY, "value" varchar, "created_at" datetime(6) NOT NULL, "updated_at" datetime(6) NOT NULL)[0m
  [1m[36mActiveRecord::SchemaMigration Pluck (0.1ms)[0m  [1m[34mSELECT "schema_migrations"."version" FROM "schema_migrations" ORDER BY "schema_migrations"."version" ASC[0m
Migrating to CreateLists (20230117202415)
  [1m[36mTRANSACTION (0.0ms)[0m  [1m[36mbegin transaction[0m
  [1m[35m (0.2ms)[0m  [1m[35mCREATE TABLE "lists" ("id" integer PRIMARY KEY AUTOINCREMENT NOT NULL, "description" varchar, "completed" boolean, "created_at" datetime(6) NOT NULL, "updated_at" datetime(6) NOT NULL)[0m
  [1m[36mActiveRecord::SchemaMigration Create (0.1ms)[0m  [1m[32mINSERT INTO "schema_migrations" ("version") VALUES (?)[0m  [["version", "20230117202415"]]
  [1m[36mTRANSACTION (0.3ms)[0m  [1m[36mcommit transaction[0m
Migrating to CreateItems (20230117202455)
  [1m[36mTRANSACTION (0.0ms)[0m  [1m[36mbegin transaction[0m
  [1m[35m (0.1ms)[0m  [1m[35mCREATE TABLE "items" ("id" integer PRIMARY KEY AUTOINCREMENT NOT NULL, "name" varchar, "description" varchar, "item_id" integer, "created_at" datetime(6) NOT NULL, "updated_at" datetime(6) NOT NULL)[0m
  [1m[36mActiveRecord::SchemaMigration Create (0.0ms)[0m  [1m[32mINSERT INTO "schema_migrations" ("version") VALUES (?)[0m  [["version", "20230117202455"]]
  [1m[36mTRANSACTION (0.2ms)[0m  [1m[36mcommit transaction[0m
  [1m[36mActiveRecord::InternalMetadata Load (0.0ms)[0m  [1m[34mSELECT "ar_internal_metadata".* FROM "ar_internal_metadata" WHERE "ar_internal_metadata"."key" = ? LIMIT ?[0m  [["key", "environment"], ["LIMIT", 1]]
  [1m[36mTRANSACTION (0.0ms)[0m  [1m[36mbegin transaction[0m
  [1m[36mActiveRecord::InternalMetadata Create (1.5ms)[0m  [1m[32mINSERT INTO "ar_internal_metadata" ("key", "value", "created_at", "updated_at") VALUES (?, ?, ?, ?)[0m  [["key", "environment"], ["value", "development"], ["created_at", "2023-01-17 20:27:00.095839"], ["updated_at", "2023-01-17 20:27:00.095839"]]
  [1m[36mTRANSACTION (1.5ms)[0m  [1m[36mcommit transaction[0m
  [1m[36mActiveRecord::SchemaMigration Pluck (0.0ms)[0m  [1m[34mSELECT "schema_migrations"."version" FROM "schema_migrations" ORDER BY "schema_migrations"."version" ASC[0m
  [1m[36mActiveRecord::SchemaMigration Pluck (0.0ms)[0m  [1m[34mSELECT "schema_migrations"."version" FROM "schema_migrations" ORDER BY "schema_migrations"."version" ASC[0m
  [1m[36mActiveRecord::InternalMetadata Load (0.2ms)[0m  [1m[34mSELECT "ar_internal_metadata".* FROM "ar_internal_metadata" WHERE "ar_internal_metadata"."key" = ? LIMIT ?[0m  [["key", "environment"], ["LIMIT", 1]]
  [1m[36mActiveRecord::SchemaMigration Pluck (0.0ms)[0m  [1m[34mSELECT "schema_migrations"."version" FROM "schema_migrations" ORDER BY "schema_migrations"."version" ASC[0m
  [1m[36mTRANSACTION (0.0ms)[0m  [1m[36mbegin transaction[0m
  [1m[36mList Create (0.7ms)[0m  [1m[32mINSERT INTO "lists" ("description", "completed", "created_at", "updated_at") VALUES (?, ?, ?, ?)[0m  [["description", "Singapore"], ["completed", 0], ["created_at", "2023-01-17 20:33:24.270456"], ["updated_at", "2023-01-17 20:33:24.270456"]]
  [1m[36mTRANSACTION (0.4ms)[0m  [1m[36mcommit transaction[0m
  [1m[36mTRANSACTION (0.1ms)[0m  [1m[36mbegin transaction[0m
  [1m[36mList Create (1.0ms)[0m  [1m[32mINSERT INTO "lists" ("description", "completed", "created_at", "updated_at") VALUES (?, ?, ?, ?)[0m  [["description", "Australia"], ["completed", 0], ["created_at", "2023-01-17 20:33:44.499682"], ["updated_at", "2023-01-17 20:33:44.499682"]]
  [1m[36mTRANSACTION (1.7ms)[0m  [1m[36mcommit transaction[0m
  [1m[36mList Load (0.4ms)[0m  [1m[34mSELECT "lists".* FROM "lists" ORDER BY "lists"."id" DESC LIMIT ?[0m  [["LIMIT", 1]]
  [1m[36mList Load (0.4ms)[0m  [1m[34mSELECT "lists".* FROM "lists" ORDER BY "lists"."id" DESC LIMIT ?[0m  [["LIMIT", 1]]
  [1m[36mItem Load (0.2ms)[0m  [1m[34mSELECT "items".* FROM "items" WHERE "items"."list_id" = ?[0m  [["list_id", 2]]
  [1m[36mActiveRecord::SchemaMigration Pluck (0.1ms)[0m  [1m[34mSELECT "schema_migrations"."version" FROM "schema_migrations" ORDER BY "schema_migrations"."version" ASC[0m
  [1m[36mActiveRecord::SchemaMigration Pluck (0.0ms)[0m  [1m[34mSELECT "schema_migrations"."version" FROM "schema_migrations" ORDER BY "schema_migrations"."version" ASC[0m
  [1m[36mActiveRecord::SchemaMigration Pluck (0.0ms)[0m  [1m[34mSELECT "schema_migrations"."version" FROM "schema_migrations" ORDER BY "schema_migrations"."version" ASC[0m
  [1m[36mActiveRecord::SchemaMigration Pluck (0.0ms)[0m  [1m[34mSELECT "schema_migrations"."version" FROM "schema_migrations" ORDER BY "schema_migrations"."version" ASC[0m
Migrating to CreateItems (20230117202455)
  [1m[36mTRANSACTION (0.0ms)[0m  [1m[36mbegin transaction[0m
  [1m[35m (0.2ms)[0m  [1m[35mDROP TABLE "items"[0m
  [1m[36mActiveRecord::SchemaMigration Delete All (0.1ms)[0m  [1m[31mDELETE FROM "schema_migrations" WHERE "schema_migrations"."version" = ?[0m  [["version", "20230117202455"]]
  [1m[36mTRANSACTION (0.7ms)[0m  [1m[36mcommit transaction[0m
  [1m[36mActiveRecord::SchemaMigration Pluck (0.0ms)[0m  [1m[34mSELECT "schema_migrations"."version" FROM "schema_migrations" ORDER BY "schema_migrations"."version" ASC[0m
  [1m[36mActiveRecord::SchemaMigration Pluck (0.0ms)[0m  [1m[34mSELECT "schema_migrations"."version" FROM "schema_migrations" ORDER BY "schema_migrations"."version" ASC[0m
Migrating to CreateItems (20230117202455)
  [1m[36mTRANSACTION (0.0ms)[0m  [1m[36mbegin transaction[0m
  [1m[35m (0.3ms)[0m  [1m[35mCREATE TABLE "items" ("id" integer PRIMARY KEY AUTOINCREMENT NOT NULL, "name" varchar, "description" varchar, "list_id" integer, "created_at" datetime(6) NOT NULL, "updated_at" datetime(6) NOT NULL)[0m
  [1m[36mActiveRecord::SchemaMigration Create (0.1ms)[0m  [1m[32mINSERT INTO "schema_migrations" ("version") VALUES (?)[0m  [["version", "20230117202455"]]
  [1m[36mTRANSACTION (0.2ms)[0m  [1m[36mcommit transaction[0m
  [1m[36mActiveRecord::InternalMetadata Load (0.0ms)[0m  [1m[34mSELECT "ar_internal_metadata".* FROM "ar_internal_metadata" WHERE "ar_internal_metadata"."key" = ? LIMIT ?[0m  [["key", "environment"], ["LIMIT", 1]]
  [1m[36mActiveRecord::SchemaMigration Pluck (0.2ms)[0m  [1m[34mSELECT "schema_migrations"."version" FROM "schema_migrations" ORDER BY "schema_migrations"."version" ASC[0m
  [1m[36mList Load (0.5ms)[0m  [1m[34mSELECT "lists".* FROM "lists" ORDER BY "lists"."id" DESC LIMIT ?[0m  [["LIMIT", 1]]
  [1m[36mItem Load (0.1ms)[0m  [1m[34mSELECT "items".* FROM "items" WHERE "items"."list_id" = ?[0m  [["list_id", 2]]
  [1m[36mList Load (0.5ms)[0m  [1m[34mSELECT "lists".* FROM "lists" ORDER BY "lists"."id" DESC LIMIT ?[0m  [["LIMIT", 1]]
  [1m[36mTRANSACTION (0.1ms)[0m  [1m[36mbegin transaction[0m
  [1m[36mItem Create (1.0ms)[0m  [1m[32mINSERT INTO "items" ("name", "description", "list_id", "created_at", "updated_at") VALUES (?, ?, ?, ?, ?)[0m  [["name", "Great Barrier Reef"], ["description", "Scuba Dive and Explore The Reef"], ["list_id", 2], ["created_at", "2023-01-17 20:41:05.864822"], ["updated_at", "2023-01-17 20:41:05.864822"]]
  [1m[36mTRANSACTION (0.5ms)[0m  [1m[36mcommit transaction[0m
  [1m[36mList Load (0.2ms)[0m  [1m[34mSELECT "lists".* FROM "lists" ORDER BY "lists"."id" DESC LIMIT ?[0m  [["LIMIT", 1]]
  [1m[36mItem Load (0.1ms)[0m  [1m[34mSELECT "items".* FROM "items" WHERE "items"."list_id" = ?[0m  [["list_id", 2]]
Started GET "/" for ::1 at 2023-01-17 15:44:26 -0500
  [1m[36mActiveRecord::SchemaMigration Pluck (0.0ms)[0m  [1m[34mSELECT "schema_migrations"."version" FROM "schema_migrations" ORDER BY "schema_migrations"."version" ASC[0m
Processing by Rails::WelcomeController#index as HTML
  Rendering /Users/jwattsterramar/.rvm/gems/ruby-3.1.2/gems/railties-7.0.4.1/lib/rails/templates/rails/welcome/index.html.erb
  Rendered /Users/jwattsterramar/.rvm/gems/ruby-3.1.2/gems/railties-7.0.4.1/lib/rails/templates/rails/welcome/index.html.erb (Duration: 1.0ms | Allocations: 585)
Completed 200 OK in 9ms (Views: 3.7ms | ActiveRecord: 0.0ms | Allocations: 4515)


Started GET "/lists" for ::1 at 2023-01-17 15:44:42 -0500
Processing by ListsController#index as HTML
  [1m[36mList Load (0.4ms)[0m  [1m[34mSELECT "lists".* FROM "lists"[0m
  ↳ app/controllers/lists_controller.rb:8:in `index'
[active_model_serializers] Rendered ActiveModel::Serializer::CollectionSerializer with ActiveModelSerializers::Adapter::Attributes (0.27ms)
Completed 200 OK in 61ms (Views: 53.8ms | ActiveRecord: 1.2ms | Allocations: 9054)


Started GET "/favicon.ico" for ::1 at 2023-01-17 15:44:42 -0500
  
ActionController::RoutingError (No route matches [GET] "/favicon.ico"):
  
Started GET "/lists/1" for ::1 at 2023-01-17 15:44:59 -0500
Processing by ListsController#show as HTML
  Parameters: {"id"=>"1"}
  [1m[36mList Load (0.2ms)[0m  [1m[34mSELECT "lists".* FROM "lists" WHERE "lists"."id" = ? LIMIT ?[0m  [["id", 1], ["LIMIT", 1]]
  ↳ app/controllers/lists_controller.rb:44:in `set_list'
[active_model_serializers] Rendered ListSerializer with ActiveModelSerializers::Adapter::Attributes (0.24ms)
Completed 200 OK in 17ms (Views: 0.6ms | ActiveRecord: 0.2ms | Allocations: 3097)


Started GET "/lists/2" for ::1 at 2023-01-17 15:45:03 -0500
Processing by ListsController#show as HTML
  Parameters: {"id"=>"2"}
  [1m[36mList Load (0.2ms)[0m  [1m[34mSELECT "lists".* FROM "lists" WHERE "lists"."id" = ? LIMIT ?[0m  [["id", 2], ["LIMIT", 1]]
  ↳ app/controllers/lists_controller.rb:44:in `set_list'
[active_model_serializers] Rendered ListSerializer with ActiveModelSerializers::Adapter::Attributes (0.61ms)
Completed 200 OK in 3ms (Views: 1.4ms | ActiveRecord: 0.2ms | Allocations: 721)


Started GET "/lists" for ::1 at 2023-01-17 15:47:31 -0500
Processing by ListsController#index as HTML
  [1m[36mList Load (0.1ms)[0m  [1m[34mSELECT "lists".* FROM "lists"[0m
  ↳ app/controllers/lists_controller.rb:8:in `index'
[active_model_serializers]   [1m[36mItem Load (0.0ms)[0m  [1m[34mSELECT "items".* FROM "items" WHERE "items"."list_id" = ?[0m  [["list_id", 1]]
[active_model_serializers]   ↳ app/controllers/lists_controller.rb:8:in `index'
[active_model_serializers]   [1m[36mItem Load (0.0ms)[0m  [1m[34mSELECT "items".* FROM "items" WHERE "items"."list_id" = ?[0m  [["list_id", 2]]
[active_model_serializers]   ↳ app/controllers/lists_controller.rb:8:in `index'
[active_model_serializers] Rendered ActiveModel::Serializer::CollectionSerializer with ActiveModelSerializers::Adapter::Attributes (7.88ms)
Completed 200 OK in 15ms (Views: 13.7ms | ActiveRecord: 0.7ms | Allocations: 14055)


